<?xml version="1.0" encoding="UTF-8"?>
<!-- Generated by org.testng.reporters.JUnitReportReporter -->
<testsuite hostname="LAPTOP-DAUOVA55" failures="0" tests="1" name="com.smartcare.testcases.LoginToApplication" time="2.738" errors="0" timestamp="2025-08-19T22:27:27 IST" skipped="0">
  <testcase classname="com.smartcare.testcases.LoginToApplication" name="LoginAsaAdminUser" time="2.738"/>
</testsuite> <!-- com.smartcare.testcases.LoginToApplication -->
